<?xml version="1.0" encoding="UTF-8"?>
<!-- Generated by org.testng.reporters.JUnitReportReporter -->
<testsuite hostname="LAPTOP-RB73I23S" failures="0" tests="1" name="Runnerfile.Runner" time="17.450" errors="0" timestamp="16 Nov 2022 07:15:03 GMT" skipped="0">
  <testcase classname="Runnerfile.Runner" name="feature" time="17.450"/>
</testsuite> <!-- Runnerfile.Runner -->
